0 info it worked if it ends with ok
1 verbose cli [ '/usr/bin/nodejs', '/usr/bin/npm', 'update', '-g', 'ionic' ]
2 info using npm@1.4.21
3 info using node@v0.10.25
4 verbose request where is /ionic
5 verbose request registry https://registry.npmjs.org/
6 verbose request id 2c8d0d18d7f7a3a7
7 verbose url raw /ionic
8 verbose url resolving [ 'https://registry.npmjs.org/', './ionic' ]
9 verbose url resolved https://registry.npmjs.org/ionic
10 verbose request where is https://registry.npmjs.org/ionic
11 info trying registry request attempt 1 at 17:25:11
12 verbose etag "1I5IJ8Q19KW4ADDQOY4Z15I5U"
13 http GET https://registry.npmjs.org/ionic
14 http 304 https://registry.npmjs.org/ionic
15 silly registry.get cb [ 304,
15 silly registry.get   { date: 'Mon, 27 Apr 2015 17:24:16 GMT',
15 silly registry.get     server: 'Apache',
15 silly registry.get     via: '1.1 varnish',
15 silly registry.get     'last-modified': 'Mon, 27 Apr 2015 17:24:16 GMT',
15 silly registry.get     'cache-control': 'max-age=60',
15 silly registry.get     etag: '"1I5IJ8Q19KW4ADDQOY4Z15I5U"',
15 silly registry.get     age: '0',
15 silly registry.get     'x-served-by': 'cache-ams4133-AMS',
15 silly registry.get     'x-cache': 'HIT',
15 silly registry.get     'x-cache-hits': '1',
15 silly registry.get     'x-timer': 'S1430155456.106782,VS0,VE386',
15 silly registry.get     vary: 'Accept',
15 silly registry.get     'content-length': '0',
15 silly registry.get     'keep-alive': 'timeout=10, max=50',
15 silly registry.get     connection: 'Keep-Alive' } ]
16 verbose etag https://registry.npmjs.org/ionic from cache
17 info outdated updating [ [ '/usr/local/lib', 'ionic', '1.3.2', '1.3.20', '1.3.20', 'latest' ] ]
18 verbose install where,what [ '/usr/local/lib', [ 'ionic@1.3.20' ] ]
19 verbose cache add [ 'ionic@1.3.20', null ]
20 verbose cache add name=undefined spec="ionic@1.3.20" args=["ionic@1.3.20",null]
21 verbose parsed url { protocol: null,
21 verbose parsed url   slashes: null,
21 verbose parsed url   auth: null,
21 verbose parsed url   host: null,
21 verbose parsed url   port: null,
21 verbose parsed url   hostname: null,
21 verbose parsed url   hash: null,
21 verbose parsed url   search: null,
21 verbose parsed url   query: null,
21 verbose parsed url   pathname: 'ionic@1.3.20',
21 verbose parsed url   path: 'ionic@1.3.20',
21 verbose parsed url   href: 'ionic@1.3.20' }
22 verbose cache add name="ionic" spec="1.3.20" args=["ionic","1.3.20"]
23 verbose parsed url { protocol: null,
23 verbose parsed url   slashes: null,
23 verbose parsed url   auth: null,
23 verbose parsed url   host: null,
23 verbose parsed url   port: null,
23 verbose parsed url   hostname: null,
23 verbose parsed url   hash: null,
23 verbose parsed url   search: null,
23 verbose parsed url   query: null,
23 verbose parsed url   pathname: '1.3.20',
23 verbose parsed url   path: '1.3.20',
23 verbose parsed url   href: '1.3.20' }
24 verbose addNamed [ 'ionic', '1.3.20' ]
25 verbose addNamed [ '1.3.20', '1.3.20' ]
26 silly lockFile fe597ac9-ionic-1-3-20 ionic@1.3.20
27 verbose lock ionic@1.3.20 /home/azureuser/.npm/fe597ac9-ionic-1-3-20.lock
28 verbose registry.get https://registry.npmjs.org/ionic not expired, no request
29 silly lockFile 18ea2f09-npmjs-org-ionic-ionic-1-3-20-tgz https://registry.npmjs.org/ionic/-/ionic-1.3.20.tgz
30 verbose lock https://registry.npmjs.org/ionic/-/ionic-1.3.20.tgz /home/azureuser/.npm/18ea2f09-npmjs-org-ionic-ionic-1-3-20-tgz.lock
31 verbose addRemoteTarball [ 'https://registry.npmjs.org/ionic/-/ionic-1.3.20.tgz',
31 verbose addRemoteTarball   '8bfcdf3c107cc2043d65b420de84b0f557948afc' ]
32 info retry fetch attempt 1 at 17:25:15
33 verbose fetch to= /tmp/npm-41241-Lu4P6WIK/registry.npmjs.org/ionic/-/ionic-1.3.20.tgz
34 http GET https://registry.npmjs.org/ionic/-/ionic-1.3.20.tgz
35 http 200 https://registry.npmjs.org/ionic/-/ionic-1.3.20.tgz
36 silly lockFile 18ea2f09-npmjs-org-ionic-ionic-1-3-20-tgz https://registry.npmjs.org/ionic/-/ionic-1.3.20.tgz
37 silly lockFile 18ea2f09-npmjs-org-ionic-ionic-1-3-20-tgz https://registry.npmjs.org/ionic/-/ionic-1.3.20.tgz
38 silly lockFile fe597ac9-ionic-1-3-20 ionic@1.3.20
39 silly lockFile fe597ac9-ionic-1-3-20 ionic@1.3.20
40 error Error: EACCES, mkdir '/home/azureuser/.npm/ionic/1.3.20'
40 error  { [Error: EACCES, mkdir '/home/azureuser/.npm/ionic/1.3.20']
40 error   errno: 3,
40 error   code: 'EACCES',
40 error   path: '/home/azureuser/.npm/ionic/1.3.20' }
41 error Please try running this command again as root/Administrator.
42 error System Linux 3.16.0-25-generic
43 error command "/usr/bin/nodejs" "/usr/bin/npm" "update" "-g" "ionic"
44 error cwd /home/azureuser/ionic-assignment
45 error node -v v0.10.25
46 error npm -v 1.4.21
47 error path /home/azureuser/.npm/ionic/1.3.20
48 error code EACCES
49 error errno 3
50 error stack Error: EACCES, mkdir '/home/azureuser/.npm/ionic/1.3.20'
51 verbose exit [ 3, true ]
